{"/Users/carlaberg/Documents/Carl/code/voice-list/functions/fixtures/entities/lists.js": {"path":"/Users/carlaberg/Documents/Carl/code/voice-list/functions/fixtures/entities/lists.js","statementMap":{"0":{"start":{"line":1,"column":19},"end":{"line":1,"column":40}},"1":{"start":{"line":2,"column":17},"end":{"line":2,"column":36}},"2":{"start":{"line":3,"column":19},"end":{"line":3,"column":66}},"3":{"start":{"line":4,"column":22},"end":{"line":4,"column":40}},"4":{"start":{"line":6,"column":18},"end":{"line":9,"column":1}},"5":{"start":{"line":11,"column":18},"end":{"line":14,"column":1}},"6":{"start":{"line":16,"column":16},"end":{"line":28,"column":1}},"7":{"start":{"line":29,"column":20},"end":{"line":29,"column":51}},"8":{"start":{"line":31,"column":0},"end":{"line":38,"column":2}},"9":{"start":{"line":40,"column":0},"end":{"line":40,"column":36}},"10":{"start":{"line":41,"column":0},"end":{"line":41,"column":36}}},"fnMap":{},"branchMap":{},"s":{"0":1,"1":1,"2":1,"3":1,"4":1,"5":1,"6":1,"7":1,"8":1,"9":1,"10":1},"f":{},"b":{},"_coverageSchema":"1a1c01bbd47fc00a2c39e90264f33305004495a9","hash":"34bac6e128e74acd1c77f50796a8601fd386b784"}
,"/Users/carlaberg/Documents/Carl/code/voice-list/functions/fixtures/entities/users.js": {"path":"/Users/carlaberg/Documents/Carl/code/voice-list/functions/fixtures/entities/users.js","statementMap":{"0":{"start":{"line":1,"column":19},"end":{"line":1,"column":40}},"1":{"start":{"line":2,"column":17},"end":{"line":2,"column":36}},"2":{"start":{"line":3,"column":19},"end":{"line":3,"column":66}},"3":{"start":{"line":5,"column":18},"end":{"line":8,"column":1}},"4":{"start":{"line":10,"column":16},"end":{"line":15,"column":1}},"5":{"start":{"line":16,"column":20},"end":{"line":16,"column":51}},"6":{"start":{"line":17,"column":0},"end":{"line":19,"column":2}},"7":{"start":{"line":21,"column":0},"end":{"line":21,"column":36}}},"fnMap":{},"branchMap":{},"s":{"0":1,"1":1,"2":1,"3":1,"4":1,"5":1,"6":1,"7":1},"f":{},"b":{},"_coverageSchema":"1a1c01bbd47fc00a2c39e90264f33305004495a9","hash":"fc64f110035b9f428bcf2d5bc74db0beee746dd7"}
,"/Users/carlaberg/Documents/Carl/code/voice-list/functions/graphql-api/graphql-api.js": {"path":"/Users/carlaberg/Documents/Carl/code/voice-list/functions/graphql-api/graphql-api.js","statementMap":{"0":{"start":{"line":1,"column":13},"end":{"line":1,"column":28}},"1":{"start":{"line":2,"column":0},"end":{"line":2,"column":60}},"2":{"start":{"line":3,"column":19},"end":{"line":3,"column":45}},"3":{"start":{"line":4,"column":25},"end":{"line":4,"column":56}},"4":{"start":{"line":6,"column":24},"end":{"line":6,"column":36}},"5":{"start":{"line":8,"column":15},"end":{"line":8,"column":48}},"6":{"start":{"line":10,"column":0},"end":{"line":10,"column":36}},"7":{"start":{"line":11,"column":0},"end":{"line":11,"column":41}}},"fnMap":{},"branchMap":{},"s":{"0":1,"1":1,"2":1,"3":1,"4":1,"5":1,"6":1,"7":1},"f":{},"b":{},"_coverageSchema":"1a1c01bbd47fc00a2c39e90264f33305004495a9","hash":"92b2f18574583b0b43927a8fac3389c33374d48e"}
,"/Users/carlaberg/Documents/Carl/code/voice-list/functions/graphql-api/index.js": {"path":"/Users/carlaberg/Documents/Carl/code/voice-list/functions/graphql-api/index.js","statementMap":{"0":{"start":{"line":1,"column":13},"end":{"line":1,"column":30}},"1":{"start":{"line":2,"column":13},"end":{"line":2,"column":30}},"2":{"start":{"line":3,"column":17},"end":{"line":3,"column":38}},"3":{"start":{"line":4,"column":14},"end":{"line":4,"column":37}},"4":{"start":{"line":5,"column":23},"end":{"line":5,"column":47}},"5":{"start":{"line":6,"column":12},"end":{"line":6,"column":35}},"6":{"start":{"line":9,"column":21},"end":{"line":9,"column":44}},"7":{"start":{"line":11,"column":0},"end":{"line":44,"column":1}},"8":{"start":{"line":19,"column":23},"end":{"line":19,"column":54}},"9":{"start":{"line":20,"column":19},"end":{"line":20,"column":23}},"10":{"start":{"line":22,"column":4},"end":{"line":31,"column":5}},"11":{"start":{"line":23,"column":20},"end":{"line":23,"column":44}},"12":{"start":{"line":24,"column":6},"end":{"line":30,"column":7}},"13":{"start":{"line":25,"column":27},"end":{"line":25,"column":68}},"14":{"start":{"line":26,"column":8},"end":{"line":26,"column":25}},"15":{"start":{"line":29,"column":8},"end":{"line":29,"column":26}},"16":{"start":{"line":33,"column":4},"end":{"line":42,"column":5}}},"fnMap":{"0":{"name":"(anonymous_0)","decl":{"start":{"line":18,"column":11},"end":{"line":18,"column":12}},"loc":{"start":{"line":18,"column":20},"end":{"line":43,"column":3}},"line":18}},"branchMap":{"0":{"loc":{"start":{"line":22,"column":4},"end":{"line":31,"column":5}},"type":"if","locations":[{"start":{"line":22,"column":4},"end":{"line":31,"column":5}},{"start":{"line":22,"column":4},"end":{"line":31,"column":5}}],"line":22}},"s":{"0":1,"1":1,"2":1,"3":1,"4":1,"5":1,"6":1,"7":1,"8":0,"9":0,"10":0,"11":0,"12":0,"13":0,"14":0,"15":0,"16":0},"f":{"0":0},"b":{"0":[0,0]},"_coverageSchema":"1a1c01bbd47fc00a2c39e90264f33305004495a9","hash":"e95c9762e7c463e598d9bf8fe7d7e70b94b02ef2"}
,"/Users/carlaberg/Documents/Carl/code/voice-list/functions/graphql-api/list/index.js": {"path":"/Users/carlaberg/Documents/Carl/code/voice-list/functions/graphql-api/list/index.js","statementMap":{"0":{"start":{"line":1,"column":0},"end":{"line":5,"column":3}}},"fnMap":{},"branchMap":{},"s":{"0":1},"f":{},"b":{},"_coverageSchema":"1a1c01bbd47fc00a2c39e90264f33305004495a9","hash":"1200fbf9f42d5500aebd3cfc93e49834557fd0ef"}
,"/Users/carlaberg/Documents/Carl/code/voice-list/functions/graphql-api/list/list.model.js": {"path":"/Users/carlaberg/Documents/Carl/code/voice-list/functions/graphql-api/list/list.model.js","statementMap":{"0":{"start":{"line":1,"column":17},"end":{"line":1,"column":36}},"1":{"start":{"line":2,"column":19},"end":{"line":17,"column":22}},"2":{"start":{"line":19,"column":0},"end":{"line":19,"column":51}}},"fnMap":{},"branchMap":{},"s":{"0":1,"1":1,"2":1},"f":{},"b":{},"_coverageSchema":"1a1c01bbd47fc00a2c39e90264f33305004495a9","hash":"b723beb62a17d29450698845aae1de96f88da5e3"}
,"/Users/carlaberg/Documents/Carl/code/voice-list/functions/graphql-api/list/list.resolvers.js": {"path":"/Users/carlaberg/Documents/Carl/code/voice-list/functions/graphql-api/list/list.resolvers.js","statementMap":{"0":{"start":{"line":1,"column":13},"end":{"line":1,"column":36}},"1":{"start":{"line":2,"column":17},"end":{"line":2,"column":54}},"2":{"start":{"line":4,"column":13},"end":{"line":11,"column":1}},"3":{"start":{"line":5,"column":2},"end":{"line":7,"column":3}},"4":{"start":{"line":6,"column":4},"end":{"line":6,"column":61}},"5":{"start":{"line":9,"column":2},"end":{"line":10,"column":11}},"6":{"start":{"line":13,"column":19},"end":{"line":21,"column":1}},"7":{"start":{"line":15,"column":2},"end":{"line":17,"column":3}},"8":{"start":{"line":16,"column":4},"end":{"line":16,"column":61}},"9":{"start":{"line":20,"column":2},"end":{"line":20,"column":72}},"10":{"start":{"line":23,"column":28},"end":{"line":42,"column":1}},"11":{"start":{"line":25,"column":2},"end":{"line":27,"column":3}},"12":{"start":{"line":26,"column":4},"end":{"line":26,"column":61}},"13":{"start":{"line":30,"column":15},"end":{"line":32,"column":36}},"14":{"start":{"line":34,"column":22},"end":{"line":39,"column":6}},"15":{"start":{"line":35,"column":6},"end":{"line":38,"column":7}},"16":{"start":{"line":40,"column":4},"end":{"line":40,"column":36}},"17":{"start":{"line":41,"column":4},"end":{"line":41,"column":15}},"18":{"start":{"line":44,"column":18},"end":{"line":51,"column":1}},"19":{"start":{"line":45,"column":2},"end":{"line":47,"column":3}},"20":{"start":{"line":46,"column":4},"end":{"line":46,"column":60}},"21":{"start":{"line":49,"column":2},"end":{"line":50,"column":11}},"22":{"start":{"line":53,"column":19},"end":{"line":62,"column":1}},"23":{"start":{"line":54,"column":2},"end":{"line":56,"column":3}},"24":{"start":{"line":55,"column":4},"end":{"line":55,"column":61}},"25":{"start":{"line":58,"column":17},"end":{"line":58,"column":27}},"26":{"start":{"line":60,"column":2},"end":{"line":61,"column":11}},"27":{"start":{"line":64,"column":19},"end":{"line":71,"column":1}},"28":{"start":{"line":65,"column":2},"end":{"line":67,"column":3}},"29":{"start":{"line":66,"column":4},"end":{"line":66,"column":61}},"30":{"start":{"line":69,"column":2},"end":{"line":70,"column":11}},"31":{"start":{"line":73,"column":27},"end":{"line":83,"column":1}},"32":{"start":{"line":74,"column":2},"end":{"line":76,"column":3}},"33":{"start":{"line":75,"column":4},"end":{"line":75,"column":61}},"34":{"start":{"line":78,"column":14},"end":{"line":78,"column":65}},"35":{"start":{"line":80,"column":2},"end":{"line":82,"column":3}},"36":{"start":{"line":81,"column":4},"end":{"line":81,"column":55}},"37":{"start":{"line":85,"column":0},"end":{"line":103,"column":1}},"38":{"start":{"line":99,"column":20},"end":{"line":99,"column":66}},"39":{"start":{"line":100,"column":6},"end":{"line":100,"column":18}}},"fnMap":{"0":{"name":"(anonymous_0)","decl":{"start":{"line":4,"column":13},"end":{"line":4,"column":14}},"loc":{"start":{"line":4,"column":37},"end":{"line":11,"column":1}},"line":4},"1":{"name":"(anonymous_1)","decl":{"start":{"line":13,"column":19},"end":{"line":13,"column":20}},"loc":{"start":{"line":13,"column":43},"end":{"line":21,"column":1}},"line":13},"2":{"name":"(anonymous_2)","decl":{"start":{"line":23,"column":28},"end":{"line":23,"column":29}},"loc":{"start":{"line":23,"column":52},"end":{"line":42,"column":1}},"line":23},"3":{"name":"(anonymous_3)","decl":{"start":{"line":34,"column":43},"end":{"line":34,"column":44}},"loc":{"start":{"line":34,"column":53},"end":{"line":39,"column":5}},"line":34},"4":{"name":"(anonymous_4)","decl":{"start":{"line":44,"column":18},"end":{"line":44,"column":19}},"loc":{"start":{"line":44,"column":40},"end":{"line":51,"column":1}},"line":44},"5":{"name":"(anonymous_5)","decl":{"start":{"line":53,"column":19},"end":{"line":53,"column":20}},"loc":{"start":{"line":53,"column":43},"end":{"line":62,"column":1}},"line":53},"6":{"name":"(anonymous_6)","decl":{"start":{"line":64,"column":19},"end":{"line":64,"column":20}},"loc":{"start":{"line":64,"column":43},"end":{"line":71,"column":1}},"line":64},"7":{"name":"(anonymous_7)","decl":{"start":{"line":73,"column":27},"end":{"line":73,"column":28}},"loc":{"start":{"line":73,"column":51},"end":{"line":83,"column":1}},"line":73},"8":{"name":"(anonymous_8)","decl":{"start":{"line":98,"column":4},"end":{"line":98,"column":5}},"loc":{"start":{"line":98,"column":37},"end":{"line":101,"column":5}},"line":98}},"branchMap":{"0":{"loc":{"start":{"line":5,"column":2},"end":{"line":7,"column":3}},"type":"if","locations":[{"start":{"line":5,"column":2},"end":{"line":7,"column":3}},{"start":{"line":5,"column":2},"end":{"line":7,"column":3}}],"line":5},"1":{"loc":{"start":{"line":15,"column":2},"end":{"line":17,"column":3}},"type":"if","locations":[{"start":{"line":15,"column":2},"end":{"line":17,"column":3}},{"start":{"line":15,"column":2},"end":{"line":17,"column":3}}],"line":15},"2":{"loc":{"start":{"line":25,"column":2},"end":{"line":27,"column":3}},"type":"if","locations":[{"start":{"line":25,"column":2},"end":{"line":27,"column":3}},{"start":{"line":25,"column":2},"end":{"line":27,"column":3}}],"line":25},"3":{"loc":{"start":{"line":45,"column":2},"end":{"line":47,"column":3}},"type":"if","locations":[{"start":{"line":45,"column":2},"end":{"line":47,"column":3}},{"start":{"line":45,"column":2},"end":{"line":47,"column":3}}],"line":45},"4":{"loc":{"start":{"line":54,"column":2},"end":{"line":56,"column":3}},"type":"if","locations":[{"start":{"line":54,"column":2},"end":{"line":56,"column":3}},{"start":{"line":54,"column":2},"end":{"line":56,"column":3}}],"line":54},"5":{"loc":{"start":{"line":65,"column":2},"end":{"line":67,"column":3}},"type":"if","locations":[{"start":{"line":65,"column":2},"end":{"line":67,"column":3}},{"start":{"line":65,"column":2},"end":{"line":67,"column":3}}],"line":65},"6":{"loc":{"start":{"line":74,"column":2},"end":{"line":76,"column":3}},"type":"if","locations":[{"start":{"line":74,"column":2},"end":{"line":76,"column":3}},{"start":{"line":74,"column":2},"end":{"line":76,"column":3}}],"line":74},"7":{"loc":{"start":{"line":80,"column":2},"end":{"line":82,"column":3}},"type":"if","locations":[{"start":{"line":80,"column":2},"end":{"line":82,"column":3}},{"start":{"line":80,"column":2},"end":{"line":82,"column":3}}],"line":80}},"s":{"0":1,"1":1,"2":1,"3":1,"4":0,"5":1,"6":1,"7":0,"8":0,"9":0,"10":1,"11":0,"12":0,"13":0,"14":0,"15":0,"16":0,"17":0,"18":1,"19":0,"20":0,"21":0,"22":1,"23":0,"24":0,"25":0,"26":0,"27":1,"28":0,"29":0,"30":0,"31":1,"32":0,"33":0,"34":0,"35":0,"36":0,"37":1,"38":0,"39":0},"f":{"0":1,"1":0,"2":0,"3":0,"4":0,"5":0,"6":0,"7":0,"8":0},"b":{"0":[0,1],"1":[0,0],"2":[0,0],"3":[0,0],"4":[0,0],"5":[0,0],"6":[0,0],"7":[0,0]},"_coverageSchema":"1a1c01bbd47fc00a2c39e90264f33305004495a9","hash":"692270c23b1af58142c77055a76b39e4e5447d3e"}
,"/Users/carlaberg/Documents/Carl/code/voice-list/functions/graphql-api/listitem/index.js": {"path":"/Users/carlaberg/Documents/Carl/code/voice-list/functions/graphql-api/listitem/index.js","statementMap":{"0":{"start":{"line":1,"column":0},"end":{"line":5,"column":3}}},"fnMap":{},"branchMap":{},"s":{"0":1},"f":{},"b":{},"_coverageSchema":"1a1c01bbd47fc00a2c39e90264f33305004495a9","hash":"270e35089e000bed1e189e3824a83fc86326b1f8"}
,"/Users/carlaberg/Documents/Carl/code/voice-list/functions/graphql-api/listitem/listitem.model.js": {"path":"/Users/carlaberg/Documents/Carl/code/voice-list/functions/graphql-api/listitem/listitem.model.js","statementMap":{"0":{"start":{"line":1,"column":17},"end":{"line":1,"column":36}},"1":{"start":{"line":2,"column":23},"end":{"line":11,"column":22}},"2":{"start":{"line":13,"column":0},"end":{"line":13,"column":59}}},"fnMap":{},"branchMap":{},"s":{"0":1,"1":1,"2":1},"f":{},"b":{},"_coverageSchema":"1a1c01bbd47fc00a2c39e90264f33305004495a9","hash":"3ee5762538cb5fc8a828c092ea99810bb1aa3367"}
,"/Users/carlaberg/Documents/Carl/code/voice-list/functions/graphql-api/listitem/listitem.resolvers.js": {"path":"/Users/carlaberg/Documents/Carl/code/voice-list/functions/graphql-api/listitem/listitem.resolvers.js","statementMap":{"0":{"start":{"line":1,"column":17},"end":{"line":1,"column":44}},"1":{"start":{"line":3,"column":23},"end":{"line":9,"column":1}},"2":{"start":{"line":4,"column":2},"end":{"line":6,"column":3}},"3":{"start":{"line":5,"column":4},"end":{"line":5,"column":65}},"4":{"start":{"line":8,"column":2},"end":{"line":8,"column":43}},"5":{"start":{"line":11,"column":23},"end":{"line":18,"column":1}},"6":{"start":{"line":12,"column":2},"end":{"line":14,"column":3}},"7":{"start":{"line":13,"column":4},"end":{"line":13,"column":65}},"8":{"start":{"line":16,"column":2},"end":{"line":17,"column":11}},"9":{"start":{"line":20,"column":23},"end":{"line":27,"column":1}},"10":{"start":{"line":21,"column":2},"end":{"line":23,"column":3}},"11":{"start":{"line":22,"column":4},"end":{"line":22,"column":65}},"12":{"start":{"line":25,"column":2},"end":{"line":26,"column":11}},"13":{"start":{"line":29,"column":0},"end":{"line":35,"column":1}}},"fnMap":{"0":{"name":"(anonymous_0)","decl":{"start":{"line":3,"column":23},"end":{"line":3,"column":24}},"loc":{"start":{"line":3,"column":47},"end":{"line":9,"column":1}},"line":3},"1":{"name":"(anonymous_1)","decl":{"start":{"line":11,"column":23},"end":{"line":11,"column":24}},"loc":{"start":{"line":11,"column":47},"end":{"line":18,"column":1}},"line":11},"2":{"name":"(anonymous_2)","decl":{"start":{"line":20,"column":23},"end":{"line":20,"column":24}},"loc":{"start":{"line":20,"column":47},"end":{"line":27,"column":1}},"line":20}},"branchMap":{"0":{"loc":{"start":{"line":4,"column":2},"end":{"line":6,"column":3}},"type":"if","locations":[{"start":{"line":4,"column":2},"end":{"line":6,"column":3}},{"start":{"line":4,"column":2},"end":{"line":6,"column":3}}],"line":4},"1":{"loc":{"start":{"line":12,"column":2},"end":{"line":14,"column":3}},"type":"if","locations":[{"start":{"line":12,"column":2},"end":{"line":14,"column":3}},{"start":{"line":12,"column":2},"end":{"line":14,"column":3}}],"line":12},"2":{"loc":{"start":{"line":21,"column":2},"end":{"line":23,"column":3}},"type":"if","locations":[{"start":{"line":21,"column":2},"end":{"line":23,"column":3}},{"start":{"line":21,"column":2},"end":{"line":23,"column":3}}],"line":21}},"s":{"0":1,"1":1,"2":0,"3":0,"4":0,"5":1,"6":0,"7":0,"8":0,"9":1,"10":0,"11":0,"12":0,"13":1},"f":{"0":0,"1":0,"2":0},"b":{"0":[0,0],"1":[0,0],"2":[0,0]},"_coverageSchema":"1a1c01bbd47fc00a2c39e90264f33305004495a9","hash":"cac962543e14f2dddc73fbf8e0f6ca04b300d2a5"}
,"/Users/carlaberg/Documents/Carl/code/voice-list/functions/graphql-api/test-utils/GQLTestClient.js": {"path":"/Users/carlaberg/Documents/Carl/code/voice-list/functions/graphql-api/test-utils/GQLTestClient.js","statementMap":{"0":{"start":{"line":1,"column":29},"end":{"line":1,"column":58}},"1":{"start":{"line":2,"column":29},"end":{"line":2,"column":61}},"2":{"start":{"line":4,"column":22},"end":{"line":14,"column":1}},"3":{"start":{"line":6,"column":21},"end":{"line":6,"column":39}},"4":{"start":{"line":8,"column":28},"end":{"line":8,"column":52}},"5":{"start":{"line":10,"column":2},"end":{"line":13,"column":3}},"6":{"start":{"line":16,"column":0},"end":{"line":16,"column":30}}},"fnMap":{"0":{"name":"(anonymous_0)","decl":{"start":{"line":4,"column":22},"end":{"line":4,"column":23}},"loc":{"start":{"line":4,"column":28},"end":{"line":14,"column":1}},"line":4}},"branchMap":{},"s":{"0":1,"1":1,"2":1,"3":1,"4":1,"5":1,"6":1},"f":{"0":1},"b":{},"_coverageSchema":"1a1c01bbd47fc00a2c39e90264f33305004495a9","hash":"04f7422c3e0871f9e7395904c7307750deea46be"}
,"/Users/carlaberg/Documents/Carl/code/voice-list/functions/graphql-api/test-utils/TestDatabase.js": {"path":"/Users/carlaberg/Documents/Carl/code/voice-list/functions/graphql-api/test-utils/TestDatabase.js","statementMap":{"0":{"start":{"line":1,"column":30},"end":{"line":1,"column":62}},"1":{"start":{"line":2,"column":17},"end":{"line":2,"column":36}},"2":{"start":{"line":6,"column":4},"end":{"line":6,"column":25}},"3":{"start":{"line":7,"column":4},"end":{"line":7,"column":28}},"4":{"start":{"line":11,"column":4},"end":{"line":11,"column":47}},"5":{"start":{"line":13,"column":4},"end":{"line":25,"column":5}},"6":{"start":{"line":14,"column":25},"end":{"line":14,"column":56}},"7":{"start":{"line":15,"column":6},"end":{"line":15,"column":36}},"8":{"start":{"line":16,"column":25},"end":{"line":19,"column":8}},"9":{"start":{"line":21,"column":6},"end":{"line":21,"column":33}},"10":{"start":{"line":24,"column":6},"end":{"line":24,"column":26}},"11":{"start":{"line":29,"column":19},"end":{"line":29,"column":89}},"12":{"start":{"line":33,"column":4},"end":{"line":33,"column":43}},"13":{"start":{"line":34,"column":4},"end":{"line":34,"column":34}},"14":{"start":{"line":38,"column":0},"end":{"line":38,"column":29}}},"fnMap":{"0":{"name":"(anonymous_0)","decl":{"start":{"line":5,"column":2},"end":{"line":5,"column":3}},"loc":{"start":{"line":5,"column":16},"end":{"line":8,"column":3}},"line":5},"1":{"name":"(anonymous_1)","decl":{"start":{"line":10,"column":2},"end":{"line":10,"column":3}},"loc":{"start":{"line":10,"column":18},"end":{"line":26,"column":3}},"line":10},"2":{"name":"(anonymous_2)","decl":{"start":{"line":28,"column":2},"end":{"line":28,"column":3}},"loc":{"start":{"line":28,"column":31},"end":{"line":30,"column":3}},"line":28},"3":{"name":"(anonymous_3)","decl":{"start":{"line":32,"column":2},"end":{"line":32,"column":3}},"loc":{"start":{"line":32,"column":15},"end":{"line":35,"column":3}},"line":32}},"branchMap":{},"s":{"0":1,"1":1,"2":1,"3":1,"4":1,"5":1,"6":1,"7":1,"8":1,"9":1,"10":0,"11":1,"12":1,"13":1,"14":1},"f":{"0":1,"1":1,"2":1,"3":1},"b":{},"_coverageSchema":"1a1c01bbd47fc00a2c39e90264f33305004495a9","hash":"1e41e8797a6150e70fbb26f297180d70e75ca749"}
,"/Users/carlaberg/Documents/Carl/code/voice-list/functions/graphql-api/test-utils/createTestServer.js": {"path":"/Users/carlaberg/Documents/Carl/code/voice-list/functions/graphql-api/test-utils/createTestServer.js","statementMap":{"0":{"start":{"line":1,"column":26},"end":{"line":1,"column":51}},"1":{"start":{"line":2,"column":22},"end":{"line":2,"column":62}},"2":{"start":{"line":7,"column":4},"end":{"line":7,"column":18}},"3":{"start":{"line":9,"column":23},"end":{"line":13,"column":1}},"4":{"start":{"line":18,"column":25},"end":{"line":27,"column":1}},"5":{"start":{"line":20,"column":17},"end":{"line":24,"column":4}},"6":{"start":{"line":26,"column":2},"end":{"line":26,"column":20}},"7":{"start":{"line":29,"column":0},"end":{"line":29,"column":51}}},"fnMap":{"0":{"name":"(anonymous_0)","decl":{"start":{"line":18,"column":25},"end":{"line":18,"column":26}},"loc":{"start":{"line":18,"column":64},"end":{"line":27,"column":1}},"line":18}},"branchMap":{"0":{"loc":{"start":{"line":18,"column":26},"end":{"line":18,"column":59}},"type":"default-arg","locations":[{"start":{"line":18,"column":57},"end":{"line":18,"column":59}}],"line":18},"1":{"loc":{"start":{"line":18,"column":28},"end":{"line":18,"column":52}},"type":"default-arg","locations":[{"start":{"line":18,"column":38},"end":{"line":18,"column":52}}],"line":18}},"s":{"0":1,"1":1,"2":1,"3":1,"4":1,"5":1,"6":1,"7":1},"f":{"0":1},"b":{"0":[1],"1":[1]},"_coverageSchema":"1a1c01bbd47fc00a2c39e90264f33305004495a9","hash":"a8083e55980dd57887a419874f804ae6390c60c7"}
,"/Users/carlaberg/Documents/Carl/code/voice-list/functions/graphql-api/user/index.js": {"path":"/Users/carlaberg/Documents/Carl/code/voice-list/functions/graphql-api/user/index.js","statementMap":{"0":{"start":{"line":1,"column":0},"end":{"line":5,"column":3}}},"fnMap":{},"branchMap":{},"s":{"0":1},"f":{},"b":{},"_coverageSchema":"1a1c01bbd47fc00a2c39e90264f33305004495a9","hash":"ae802d9808968452c12c2302920152d49fe96ef3"}
,"/Users/carlaberg/Documents/Carl/code/voice-list/functions/graphql-api/user/user.model.js": {"path":"/Users/carlaberg/Documents/Carl/code/voice-list/functions/graphql-api/user/user.model.js","statementMap":{"0":{"start":{"line":1,"column":17},"end":{"line":1,"column":36}},"1":{"start":{"line":2,"column":19},"end":{"line":12,"column":22}},"2":{"start":{"line":14,"column":0},"end":{"line":14,"column":51}}},"fnMap":{},"branchMap":{},"s":{"0":1,"1":1,"2":1},"f":{},"b":{},"_coverageSchema":"1a1c01bbd47fc00a2c39e90264f33305004495a9","hash":"99be1020d0d959893131a2d190743f6a16c0fb7e"}
,"/Users/carlaberg/Documents/Carl/code/voice-list/functions/graphql-api/user/user.resolvers.js": {"path":"/Users/carlaberg/Documents/Carl/code/voice-list/functions/graphql-api/user/user.resolvers.js","statementMap":{"0":{"start":{"line":1,"column":17},"end":{"line":1,"column":36}},"1":{"start":{"line":2,"column":12},"end":{"line":2,"column":35}},"2":{"start":{"line":4,"column":13},"end":{"line":10,"column":1}},"3":{"start":{"line":5,"column":2},"end":{"line":9,"column":3}},"4":{"start":{"line":12,"column":19},"end":{"line":36,"column":1}},"5":{"start":{"line":13,"column":23},"end":{"line":13,"column":79}},"6":{"start":{"line":15,"column":2},"end":{"line":17,"column":3}},"7":{"start":{"line":16,"column":4},"end":{"line":16,"column":43}},"8":{"start":{"line":19,"column":15},"end":{"line":19,"column":59}},"9":{"start":{"line":21,"column":15},"end":{"line":24,"column":4}},"10":{"start":{"line":26,"column":16},"end":{"line":33,"column":3}},"11":{"start":{"line":35,"column":2},"end":{"line":35,"column":47}},"12":{"start":{"line":38,"column":18},"end":{"line":63,"column":1}},"13":{"start":{"line":39,"column":15},"end":{"line":39,"column":71}},"14":{"start":{"line":41,"column":2},"end":{"line":43,"column":3}},"15":{"start":{"line":42,"column":4},"end":{"line":42,"column":37}},"16":{"start":{"line":45,"column":18},"end":{"line":45,"column":76}},"17":{"start":{"line":47,"column":2},"end":{"line":49,"column":3}},"18":{"start":{"line":48,"column":4},"end":{"line":48,"column":46}},"19":{"start":{"line":51,"column":16},"end":{"line":58,"column":3}},"20":{"start":{"line":60,"column":2},"end":{"line":60,"column":20}},"21":{"start":{"line":61,"column":2},"end":{"line":61,"column":34}},"22":{"start":{"line":62,"column":2},"end":{"line":62,"column":47}},"23":{"start":{"line":65,"column":21},"end":{"line":69,"column":1}},"24":{"start":{"line":66,"column":2},"end":{"line":68,"column":3}},"25":{"start":{"line":71,"column":0},"end":{"line":80,"column":1}}},"fnMap":{"0":{"name":"(anonymous_0)","decl":{"start":{"line":4,"column":13},"end":{"line":4,"column":14}},"loc":{"start":{"line":4,"column":19},"end":{"line":10,"column":1}},"line":4},"1":{"name":"(anonymous_1)","decl":{"start":{"line":12,"column":19},"end":{"line":12,"column":20}},"loc":{"start":{"line":12,"column":43},"end":{"line":36,"column":1}},"line":12},"2":{"name":"(anonymous_2)","decl":{"start":{"line":38,"column":18},"end":{"line":38,"column":19}},"loc":{"start":{"line":38,"column":42},"end":{"line":63,"column":1}},"line":38},"3":{"name":"(anonymous_3)","decl":{"start":{"line":65,"column":21},"end":{"line":65,"column":22}},"loc":{"start":{"line":65,"column":39},"end":{"line":69,"column":1}},"line":65}},"branchMap":{"0":{"loc":{"start":{"line":15,"column":2},"end":{"line":17,"column":3}},"type":"if","locations":[{"start":{"line":15,"column":2},"end":{"line":17,"column":3}},{"start":{"line":15,"column":2},"end":{"line":17,"column":3}}],"line":15},"1":{"loc":{"start":{"line":41,"column":2},"end":{"line":43,"column":3}},"type":"if","locations":[{"start":{"line":41,"column":2},"end":{"line":43,"column":3}},{"start":{"line":41,"column":2},"end":{"line":43,"column":3}}],"line":41},"2":{"loc":{"start":{"line":47,"column":2},"end":{"line":49,"column":3}},"type":"if","locations":[{"start":{"line":47,"column":2},"end":{"line":49,"column":3}},{"start":{"line":47,"column":2},"end":{"line":49,"column":3}}],"line":47}},"s":{"0":1,"1":1,"2":1,"3":0,"4":1,"5":0,"6":0,"7":0,"8":0,"9":0,"10":0,"11":0,"12":1,"13":0,"14":0,"15":0,"16":0,"17":0,"18":0,"19":0,"20":0,"21":0,"22":0,"23":1,"24":0,"25":1},"f":{"0":0,"1":0,"2":0,"3":0},"b":{"0":[0,0],"1":[0,0],"2":[0,0]},"_coverageSchema":"1a1c01bbd47fc00a2c39e90264f33305004495a9","hash":"adfb0b610ffe35dc7652199ed275f126de16e1a7"}
,"/Users/carlaberg/Documents/Carl/code/voice-list/functions/graphql-api/utils/Mongo.js": {"path":"/Users/carlaberg/Documents/Carl/code/voice-list/functions/graphql-api/utils/Mongo.js","statementMap":{"0":{"start":{"line":1,"column":17},"end":{"line":1,"column":36}},"1":{"start":{"line":3,"column":23},"end":{"line":22,"column":1}},"2":{"start":{"line":5,"column":8},"end":{"line":15,"column":9}},"3":{"start":{"line":6,"column":23},"end":{"line":9,"column":14}},"4":{"start":{"line":11,"column":12},"end":{"line":11,"column":61}},"5":{"start":{"line":14,"column":12},"end":{"line":14,"column":33}},"6":{"start":{"line":18,"column":4},"end":{"line":20,"column":7}},"7":{"start":{"line":24,"column":0},"end":{"line":24,"column":34}}},"fnMap":{"0":{"name":"(anonymous_0)","decl":{"start":{"line":3,"column":23},"end":{"line":3,"column":24}},"loc":{"start":{"line":3,"column":29},"end":{"line":22,"column":1}},"line":3},"1":{"name":"initDb","decl":{"start":{"line":4,"column":19},"end":{"line":4,"column":25}},"loc":{"start":{"line":4,"column":28},"end":{"line":16,"column":5}},"line":4}},"branchMap":{},"s":{"0":1,"1":1,"2":1,"3":1,"4":0,"5":1,"6":1,"7":1},"f":{"0":1,"1":1},"b":{},"_coverageSchema":"1a1c01bbd47fc00a2c39e90264f33305004495a9","hash":"e00eb594408615115a777f1a15c6f42d3f17c570"}
,"/Users/carlaberg/Documents/Carl/code/voice-list/functions/graphql-api/utils/gqlLoader.js": {"path":"/Users/carlaberg/Documents/Carl/code/voice-list/functions/graphql-api/utils/gqlLoader.js","statementMap":{"0":{"start":{"line":1,"column":11},"end":{"line":1,"column":24}},"1":{"start":{"line":2,"column":13},"end":{"line":2,"column":28}},"2":{"start":{"line":4,"column":20},"end":{"line":7,"column":1}},"3":{"start":{"line":5,"column":19},"end":{"line":5,"column":52}},"4":{"start":{"line":6,"column":2},"end":{"line":6,"column":43}},"5":{"start":{"line":9,"column":0},"end":{"line":9,"column":28}}},"fnMap":{"0":{"name":"(anonymous_0)","decl":{"start":{"line":4,"column":20},"end":{"line":4,"column":21}},"loc":{"start":{"line":4,"column":30},"end":{"line":7,"column":1}},"line":4}},"branchMap":{},"s":{"0":1,"1":1,"2":1,"3":3,"4":3,"5":1},"f":{"0":3},"b":{},"_coverageSchema":"1a1c01bbd47fc00a2c39e90264f33305004495a9","hash":"ba2b1741396334332d951c0d8bbb3e0deeb29d0f"}
}
