TN:
SF:functions/fixtures/entities/lists.js
FNF:0
FNH:0
DA:1,1
DA:2,1
DA:3,1
DA:4,1
DA:6,1
DA:11,1
DA:16,1
DA:29,1
DA:31,1
DA:40,1
DA:41,1
LF:11
LH:11
BRF:0
BRH:0
end_of_record
TN:
SF:functions/fixtures/entities/users.js
FNF:0
FNH:0
DA:1,1
DA:2,1
DA:3,1
DA:5,1
DA:10,1
DA:16,1
DA:17,1
DA:21,1
LF:8
LH:8
BRF:0
BRH:0
end_of_record
TN:
SF:functions/graphql-api/graphql-api.js
FNF:0
FNH:0
DA:1,1
DA:2,1
DA:3,1
DA:4,1
DA:6,1
DA:8,1
DA:10,1
DA:11,1
LF:8
LH:8
BRF:0
BRH:0
end_of_record
TN:
SF:functions/graphql-api/index.js
FN:18,(anonymous_0)
FNF:1
FNH:0
FNDA:0,(anonymous_0)
DA:1,1
DA:2,1
DA:3,1
DA:4,1
DA:5,1
DA:6,1
DA:9,1
DA:11,1
DA:19,0
DA:20,0
DA:22,0
DA:23,0
DA:24,0
DA:25,0
DA:26,0
DA:29,0
DA:33,0
LF:17
LH:8
BRDA:22,0,0,0
BRDA:22,0,1,0
BRF:2
BRH:0
end_of_record
TN:
SF:functions/graphql-api/list/index.js
FNF:0
FNH:0
DA:1,1
LF:1
LH:1
BRF:0
BRH:0
end_of_record
TN:
SF:functions/graphql-api/list/list.model.js
FNF:0
FNH:0
DA:1,1
DA:2,1
DA:19,1
LF:3
LH:3
BRF:0
BRH:0
end_of_record
TN:
SF:functions/graphql-api/list/list.resolvers.js
FN:4,(anonymous_0)
FN:13,(anonymous_1)
FN:23,(anonymous_2)
FN:34,(anonymous_3)
FN:44,(anonymous_4)
FN:53,(anonymous_5)
FN:64,(anonymous_6)
FN:73,(anonymous_7)
FN:98,(anonymous_8)
FNF:9
FNH:1
FNDA:1,(anonymous_0)
FNDA:0,(anonymous_1)
FNDA:0,(anonymous_2)
FNDA:0,(anonymous_3)
FNDA:0,(anonymous_4)
FNDA:0,(anonymous_5)
FNDA:0,(anonymous_6)
FNDA:0,(anonymous_7)
FNDA:0,(anonymous_8)
DA:1,1
DA:2,1
DA:4,1
DA:5,1
DA:6,0
DA:9,1
DA:13,1
DA:15,0
DA:16,0
DA:20,0
DA:23,1
DA:25,0
DA:26,0
DA:30,0
DA:34,0
DA:35,0
DA:40,0
DA:41,0
DA:44,1
DA:45,0
DA:46,0
DA:49,0
DA:53,1
DA:54,0
DA:55,0
DA:58,0
DA:60,0
DA:64,1
DA:65,0
DA:66,0
DA:69,0
DA:73,1
DA:74,0
DA:75,0
DA:78,0
DA:80,0
DA:81,0
DA:85,1
DA:99,0
DA:100,0
LF:40
LH:12
BRDA:5,0,0,0
BRDA:5,0,1,1
BRDA:15,1,0,0
BRDA:15,1,1,0
BRDA:25,2,0,0
BRDA:25,2,1,0
BRDA:45,3,0,0
BRDA:45,3,1,0
BRDA:54,4,0,0
BRDA:54,4,1,0
BRDA:65,5,0,0
BRDA:65,5,1,0
BRDA:74,6,0,0
BRDA:74,6,1,0
BRDA:80,7,0,0
BRDA:80,7,1,0
BRF:16
BRH:1
end_of_record
TN:
SF:functions/graphql-api/listitem/index.js
FNF:0
FNH:0
DA:1,1
LF:1
LH:1
BRF:0
BRH:0
end_of_record
TN:
SF:functions/graphql-api/listitem/listitem.model.js
FNF:0
FNH:0
DA:1,1
DA:2,1
DA:13,1
LF:3
LH:3
BRF:0
BRH:0
end_of_record
TN:
SF:functions/graphql-api/listitem/listitem.resolvers.js
FN:3,(anonymous_0)
FN:11,(anonymous_1)
FN:20,(anonymous_2)
FNF:3
FNH:0
FNDA:0,(anonymous_0)
FNDA:0,(anonymous_1)
FNDA:0,(anonymous_2)
DA:1,1
DA:3,1
DA:4,0
DA:5,0
DA:8,0
DA:11,1
DA:12,0
DA:13,0
DA:16,0
DA:20,1
DA:21,0
DA:22,0
DA:25,0
DA:29,1
LF:14
LH:5
BRDA:4,0,0,0
BRDA:4,0,1,0
BRDA:12,1,0,0
BRDA:12,1,1,0
BRDA:21,2,0,0
BRDA:21,2,1,0
BRF:6
BRH:0
end_of_record
TN:
SF:functions/graphql-api/test-utils/GQLTestClient.js
FN:4,(anonymous_0)
FNF:1
FNH:1
FNDA:1,(anonymous_0)
DA:1,1
DA:2,1
DA:4,1
DA:6,1
DA:8,1
DA:10,1
DA:16,1
LF:7
LH:7
BRF:0
BRH:0
end_of_record
TN:
SF:functions/graphql-api/test-utils/TestDatabase.js
FN:5,(anonymous_0)
FN:10,(anonymous_1)
FN:28,(anonymous_2)
FN:32,(anonymous_3)
FNF:4
FNH:4
FNDA:1,(anonymous_0)
FNDA:1,(anonymous_1)
FNDA:1,(anonymous_2)
FNDA:1,(anonymous_3)
DA:1,1
DA:2,1
DA:6,1
DA:7,1
DA:11,1
DA:13,1
DA:14,1
DA:15,1
DA:16,1
DA:21,1
DA:24,0
DA:29,1
DA:33,1
DA:34,1
DA:38,1
LF:15
LH:14
BRF:0
BRH:0
end_of_record
TN:
SF:functions/graphql-api/test-utils/createTestServer.js
FN:18,(anonymous_0)
FNF:1
FNH:1
FNDA:1,(anonymous_0)
DA:1,1
DA:2,1
DA:7,1
DA:9,1
DA:18,1
DA:20,1
DA:26,1
DA:29,1
LF:8
LH:8
BRDA:18,0,0,1
BRDA:18,1,0,1
BRF:2
BRH:2
end_of_record
TN:
SF:functions/graphql-api/user/index.js
FNF:0
FNH:0
DA:1,1
LF:1
LH:1
BRF:0
BRH:0
end_of_record
TN:
SF:functions/graphql-api/user/user.model.js
FNF:0
FNH:0
DA:1,1
DA:2,1
DA:14,1
LF:3
LH:3
BRF:0
BRH:0
end_of_record
TN:
SF:functions/graphql-api/user/user.resolvers.js
FN:4,(anonymous_0)
FN:12,(anonymous_1)
FN:38,(anonymous_2)
FN:65,(anonymous_3)
FNF:4
FNH:0
FNDA:0,(anonymous_0)
FNDA:0,(anonymous_1)
FNDA:0,(anonymous_2)
FNDA:0,(anonymous_3)
DA:1,1
DA:2,1
DA:4,1
DA:5,0
DA:12,1
DA:13,0
DA:15,0
DA:16,0
DA:19,0
DA:21,0
DA:26,0
DA:35,0
DA:38,1
DA:39,0
DA:41,0
DA:42,0
DA:45,0
DA:47,0
DA:48,0
DA:51,0
DA:60,0
DA:61,0
DA:62,0
DA:65,1
DA:66,0
DA:71,1
LF:26
LH:7
BRDA:15,0,0,0
BRDA:15,0,1,0
BRDA:41,1,0,0
BRDA:41,1,1,0
BRDA:47,2,0,0
BRDA:47,2,1,0
BRF:6
BRH:0
end_of_record
TN:
SF:functions/graphql-api/utils/Mongo.js
FN:3,(anonymous_0)
FN:4,initDb
FNF:2
FNH:2
FNDA:1,(anonymous_0)
FNDA:1,initDb
DA:1,1
DA:3,1
DA:5,1
DA:6,1
DA:11,0
DA:14,1
DA:18,1
DA:24,1
LF:8
LH:7
BRF:0
BRH:0
end_of_record
TN:
SF:functions/graphql-api/utils/gqlLoader.js
FN:4,(anonymous_0)
FNF:1
FNH:1
FNDA:3,(anonymous_0)
DA:1,1
DA:2,1
DA:4,1
DA:5,3
DA:6,3
DA:9,1
LF:6
LH:6
BRF:0
BRH:0
end_of_record
